<?xml version="1.0" encoding="UTF-8"?>
<!-- Generated by org.testng.reporters.JUnitReportReporter -->
<testsuite hostname="IT0104-SIMID" failures="0" tests="1" name="com.otptest.runners.TestRunner" time="8.232" errors="0" timestamp="2025-10-13T21:57:28 SAST" skipped="0">
  <testcase classname="com.otptest.runners.TestRunner" name="runScenario" time="8.232"/>
</testsuite> <!-- com.otptest.runners.TestRunner -->
